The system is: Linux - 3.10.0-1160.41.1.el7.x86_64 - x86_64
Compiling the C compiler identification source file "CMakeCCompilerId.c" succeeded.
Compiler: /share/apps/gcc/11.2.0/bin/gcc 
Build flags: 
Id flags:  

The output was:
0


Compilation of the C compiler identification source "CMakeCCompilerId.c" produced "a.out"

The C compiler identification is GNU, found in "/home/rgoncalo/n_body/build/CMakeFiles/3.22.0/CompilerIdC/a.out"

Compiling the CXX compiler identification source file "CMakeCXXCompilerId.cpp" succeeded.
Compiler: /share/apps/gcc/11.2.0/bin/g++ 
Build flags: 
Id flags:  

The output was:
0


Compilation of the CXX compiler identification source "CMakeCXXCompilerId.cpp" produced "a.out"

The CXX compiler identification is GNU, found in "/home/rgoncalo/n_body/build/CMakeFiles/3.22.0/CompilerIdCXX/a.out"

Detecting C compiler ABI info compiled with the following output:
Change Dir: /home/rgoncalo/n_body/build/CMakeFiles/CMakeTmp

Run Build Command(s):/usr/bin/gmake -f Makefile cmTC_66f05/fast && gmake: Warning: File `Makefile' has modification time 15 s in the future
/usr/bin/gmake  -f CMakeFiles/cmTC_66f05.dir/build.make CMakeFiles/cmTC_66f05.dir/build
gmake[1]: Entering directory `/home/rgoncalo/n_body/build/CMakeFiles/CMakeTmp'
gmake[1]: Warning: File `CMakeFiles/cmTC_66f05.dir/flags.make' has modification time 15 s in the future
Building C object CMakeFiles/cmTC_66f05.dir/CMakeCCompilerABI.c.o
/share/apps/gcc/11.2.0/bin/gcc   -v -o CMakeFiles/cmTC_66f05.dir/CMakeCCompilerABI.c.o -c /share/apps/cmake/3.22.0/share/cmake-3.22/Modules/CMakeCCompilerABI.c
Using built-in specs.
COLLECT_GCC=/share/apps/gcc/11.2.0/bin/gcc
Target: x86_64-pc-linux-gnu
Configured with: ./configure --prefix=/share/apps/gcc/11.2.0 --with-gmp=/share/apps/gcc/infrastructure/ --with-mpfr=/share/apps/gcc/infrastructure/ --with-mpc=/share/apps/gcc/infrastructure/ --with-isl=/share/apps/gcc/infrastructure/ --enable-languages=c,c++,fortran --disable-multilib --enable-shared --enable-threads=posix --enable-__cxa_atexit --enable-gnu-unique-object --enable-__cxa_atexit --enable-all-targets --with-pic --enable-openmp --enable-cuda
Thread model: posix
Supported LTO compression algorithms: zlib
gcc version 11.2.0 (GCC) 
COLLECT_GCC_OPTIONS='-v' '-o' 'CMakeFiles/cmTC_66f05.dir/CMakeCCompilerABI.c.o' '-c' '-mtune=generic' '-march=x86-64' '-dumpdir' 'CMakeFiles/cmTC_66f05.dir/'
 /share/apps/gcc/11.2.0/libexec/gcc/x86_64-pc-linux-gnu/11.2.0/cc1 -quiet -v /share/apps/cmake/3.22.0/share/cmake-3.22/Modules/CMakeCCompilerABI.c -quiet -dumpdir CMakeFiles/cmTC_66f05.dir/ -dumpbase CMakeCCompilerABI.c.c -dumpbase-ext .c -mtune=generic -march=x86-64 -version -o /tmp/cciEgcje.s
GNU C17 (GCC) version 11.2.0 (x86_64-pc-linux-gnu)
	compiled by GNU C version 11.2.0, GMP version 6.1.0, MPFR version 3.1.4, MPC version 1.0.3, isl version isl-0.18-GMP

GGC heuristics: --param ggc-min-expand=100 --param ggc-min-heapsize=131072
ignoring nonexistent directory "/share/apps/gcc/11.2.0/lib/gcc/x86_64-pc-linux-gnu/11.2.0/../../../../x86_64-pc-linux-gnu/include"
#include "..." search starts here:
#include <...> search starts here:
 /share/apps/gcc/11.2.0/lib/gcc/x86_64-pc-linux-gnu/11.2.0/include
 /usr/local/include
 /share/apps/gcc/11.2.0/include
 /share/apps/gcc/11.2.0/lib/gcc/x86_64-pc-linux-gnu/11.2.0/include-fixed
 /usr/include
End of search list.
GNU C17 (GCC) version 11.2.0 (x86_64-pc-linux-gnu)
	compiled by GNU C version 11.2.0, GMP version 6.1.0, MPFR version 3.1.4, MPC version 1.0.3, isl version isl-0.18-GMP

GGC heuristics: --param ggc-min-expand=100 --param ggc-min-heapsize=131072
Compiler executable checksum: 6886df7be2a453d661efadfe8d22da02
COLLECT_GCC_OPTIONS='-v' '-o' 'CMakeFiles/cmTC_66f05.dir/CMakeCCompilerABI.c.o' '-c' '-mtune=generic' '-march=x86-64' '-dumpdir' 'CMakeFiles/cmTC_66f05.dir/'
 as -v --64 -o CMakeFiles/cmTC_66f05.dir/CMakeCCompilerABI.c.o /tmp/cciEgcje.s
GNU assembler version 2.27 (x86_64-redhat-linux) using BFD version version 2.27-44.base.el7
COMPILER_PATH=/share/apps/gcc/11.2.0/libexec/gcc/x86_64-pc-linux-gnu/11.2.0/:/share/apps/gcc/11.2.0/libexec/gcc/x86_64-pc-linux-gnu/11.2.0/:/share/apps/gcc/11.2.0/libexec/gcc/x86_64-pc-linux-gnu/:/share/apps/gcc/11.2.0/lib/gcc/x86_64-pc-linux-gnu/11.2.0/:/share/apps/gcc/11.2.0/lib/gcc/x86_64-pc-linux-gnu/
LIBRARY_PATH=/share/apps/gcc/11.2.0/lib/gcc/x86_64-pc-linux-gnu/11.2.0/:/share/apps/gcc/11.2.0/lib/gcc/x86_64-pc-linux-gnu/11.2.0/../../../../lib64/:/lib/../lib64/:/usr/lib/../lib64/:/share/apps/gcc/11.2.0/lib/gcc/x86_64-pc-linux-gnu/11.2.0/../../../:/lib/:/usr/lib/
COLLECT_GCC_OPTIONS='-v' '-o' 'CMakeFiles/cmTC_66f05.dir/CMakeCCompilerABI.c.o' '-c' '-mtune=generic' '-march=x86-64' '-dumpdir' 'CMakeFiles/cmTC_66f05.dir/CMakeCCompilerABI.c.'
Linking C executable cmTC_66f05
/share/apps/cmake/3.22.0/bin/cmake -E cmake_link_script CMakeFiles/cmTC_66f05.dir/link.txt --verbose=1
/share/apps/gcc/11.2.0/bin/gcc  -v CMakeFiles/cmTC_66f05.dir/CMakeCCompilerABI.c.o -o cmTC_66f05 
Using built-in specs.
COLLECT_GCC=/share/apps/gcc/11.2.0/bin/gcc
COLLECT_LTO_WRAPPER=/share/apps/gcc/11.2.0/libexec/gcc/x86_64-pc-linux-gnu/11.2.0/lto-wrapper
Target: x86_64-pc-linux-gnu
Configured with: ./configure --prefix=/share/apps/gcc/11.2.0 --with-gmp=/share/apps/gcc/infrastructure/ --with-mpfr=/share/apps/gcc/infrastructure/ --with-mpc=/share/apps/gcc/infrastructure/ --with-isl=/share/apps/gcc/infrastructure/ --enable-languages=c,c++,fortran --disable-multilib --enable-shared --enable-threads=posix --enable-__cxa_atexit --enable-gnu-unique-object --enable-__cxa_atexit --enable-all-targets --with-pic --enable-openmp --enable-cuda
Thread model: posix
Supported LTO compression algorithms: zlib
gcc version 11.2.0 (GCC) 
COMPILER_PATH=/share/apps/gcc/11.2.0/libexec/gcc/x86_64-pc-linux-gnu/11.2.0/:/share/apps/gcc/11.2.0/libexec/gcc/x86_64-pc-linux-gnu/11.2.0/:/share/apps/gcc/11.2.0/libexec/gcc/x86_64-pc-linux-gnu/:/share/apps/gcc/11.2.0/lib/gcc/x86_64-pc-linux-gnu/11.2.0/:/share/apps/gcc/11.2.0/lib/gcc/x86_64-pc-linux-gnu/
LIBRARY_PATH=/share/apps/gcc/11.2.0/lib/gcc/x86_64-pc-linux-gnu/11.2.0/:/share/apps/gcc/11.2.0/lib/gcc/x86_64-pc-linux-gnu/11.2.0/../../../../lib64/:/lib/../lib64/:/usr/lib/../lib64/:/share/apps/gcc/11.2.0/lib/gcc/x86_64-pc-linux-gnu/11.2.0/../../../:/lib/:/usr/lib/
COLLECT_GCC_OPTIONS='-v' '-o' 'cmTC_66f05' '-mtune=generic' '-march=x86-64' '-dumpdir' 'cmTC_66f05.'
 /share/apps/gcc/11.2.0/libexec/gcc/x86_64-pc-linux-gnu/11.2.0/collect2 -plugin /share/apps/gcc/11.2.0/libexec/gcc/x86_64-pc-linux-gnu/11.2.0/liblto_plugin.so -plugin-opt=/share/apps/gcc/11.2.0/libexec/gcc/x86_64-pc-linux-gnu/11.2.0/lto-wrapper -plugin-opt=-fresolution=/tmp/ccqtjYk8.res -plugin-opt=-pass-through=-lgcc -plugin-opt=-pass-through=-lgcc_s -plugin-opt=-pass-through=-lc -plugin-opt=-pass-through=-lgcc -plugin-opt=-pass-through=-lgcc_s --eh-frame-hdr -m elf_x86_64 -dynamic-linker /lib64/ld-linux-x86-64.so.2 -o cmTC_66f05 /lib/../lib64/crt1.o /lib/../lib64/crti.o /share/apps/gcc/11.2.0/lib/gcc/x86_64-pc-linux-gnu/11.2.0/crtbegin.o -L/share/apps/gcc/11.2.0/lib/gcc/x86_64-pc-linux-gnu/11.2.0 -L/share/apps/gcc/11.2.0/lib/gcc/x86_64-pc-linux-gnu/11.2.0/../../../../lib64 -L/lib/../lib64 -L/usr/lib/../lib64 -L/share/apps/gcc/11.2.0/lib/gcc/x86_64-pc-linux-gnu/11.2.0/../../.. CMakeFiles/cmTC_66f05.dir/CMakeCCompilerABI.c.o -lgcc --as-needed -lgcc_s --no-as-needed -lc -lgcc --as-needed -lgcc_s --no-as-needed /share/apps/gcc/11.2.0/lib/gcc/x86_64-pc-linux-gnu/11.2.0/crtend.o /lib/../lib64/crtn.o
COLLECT_GCC_OPTIONS='-v' '-o' 'cmTC_66f05' '-mtune=generic' '-march=x86-64' '-dumpdir' 'cmTC_66f05.'
gmake[1]: warning:  Clock skew detected.  Your build may be incomplete.
gmake[1]: Leaving directory `/home/rgoncalo/n_body/build/CMakeFiles/CMakeTmp'
gmake: warning:  Clock skew detected.  Your build may be incomplete.



Parsed C implicit include dir info from above output: rv=done
  found start of include info
  found start of implicit include info
    add: [/share/apps/gcc/11.2.0/lib/gcc/x86_64-pc-linux-gnu/11.2.0/include]
    add: [/usr/local/include]
    add: [/share/apps/gcc/11.2.0/include]
    add: [/share/apps/gcc/11.2.0/lib/gcc/x86_64-pc-linux-gnu/11.2.0/include-fixed]
    add: [/usr/include]
  end of search list found
  collapse include dir [/share/apps/gcc/11.2.0/lib/gcc/x86_64-pc-linux-gnu/11.2.0/include] ==> [/share/apps/gcc/11.2.0/lib/gcc/x86_64-pc-linux-gnu/11.2.0/include]
  collapse include dir [/usr/local/include] ==> [/usr/local/include]
  collapse include dir [/share/apps/gcc/11.2.0/include] ==> [/share/apps/gcc/11.2.0/include]
  collapse include dir [/share/apps/gcc/11.2.0/lib/gcc/x86_64-pc-linux-gnu/11.2.0/include-fixed] ==> [/share/apps/gcc/11.2.0/lib/gcc/x86_64-pc-linux-gnu/11.2.0/include-fixed]
  collapse include dir [/usr/include] ==> [/usr/include]
  implicit include dirs: [/share/apps/gcc/11.2.0/lib/gcc/x86_64-pc-linux-gnu/11.2.0/include;/usr/local/include;/share/apps/gcc/11.2.0/include;/share/apps/gcc/11.2.0/lib/gcc/x86_64-pc-linux-gnu/11.2.0/include-fixed;/usr/include]


Parsed C implicit link information from above output:
  link line regex: [^( *|.*[/\])(ld|CMAKE_LINK_STARTFILE-NOTFOUND|([^/\]+-)?ld|collect2)[^/\]*( |$)]
  ignore line: [Change Dir: /home/rgoncalo/n_body/build/CMakeFiles/CMakeTmp]
  ignore line: []
  ignore line: [Run Build Command(s):/usr/bin/gmake -f Makefile cmTC_66f05/fast && gmake: Warning: File `Makefile' has modification time 15 s in the future]
  ignore line: [/usr/bin/gmake  -f CMakeFiles/cmTC_66f05.dir/build.make CMakeFiles/cmTC_66f05.dir/build]
  ignore line: [gmake[1]: Entering directory `/home/rgoncalo/n_body/build/CMakeFiles/CMakeTmp']
  ignore line: [gmake[1]: Warning: File `CMakeFiles/cmTC_66f05.dir/flags.make' has modification time 15 s in the future]
  ignore line: [Building C object CMakeFiles/cmTC_66f05.dir/CMakeCCompilerABI.c.o]
  ignore line: [/share/apps/gcc/11.2.0/bin/gcc   -v -o CMakeFiles/cmTC_66f05.dir/CMakeCCompilerABI.c.o -c /share/apps/cmake/3.22.0/share/cmake-3.22/Modules/CMakeCCompilerABI.c]
  ignore line: [Using built-in specs.]
  ignore line: [COLLECT_GCC=/share/apps/gcc/11.2.0/bin/gcc]
  ignore line: [Target: x86_64-pc-linux-gnu]
  ignore line: [Configured with: ./configure --prefix=/share/apps/gcc/11.2.0 --with-gmp=/share/apps/gcc/infrastructure/ --with-mpfr=/share/apps/gcc/infrastructure/ --with-mpc=/share/apps/gcc/infrastructure/ --with-isl=/share/apps/gcc/infrastructure/ --enable-languages=c c++ fortran --disable-multilib --enable-shared --enable-threads=posix --enable-__cxa_atexit --enable-gnu-unique-object --enable-__cxa_atexit --enable-all-targets --with-pic --enable-openmp --enable-cuda]
  ignore line: [Thread model: posix]
  ignore line: [Supported LTO compression algorithms: zlib]
  ignore line: [gcc version 11.2.0 (GCC) ]
  ignore line: [COLLECT_GCC_OPTIONS='-v' '-o' 'CMakeFiles/cmTC_66f05.dir/CMakeCCompilerABI.c.o' '-c' '-mtune=generic' '-march=x86-64' '-dumpdir' 'CMakeFiles/cmTC_66f05.dir/']
  ignore line: [ /share/apps/gcc/11.2.0/libexec/gcc/x86_64-pc-linux-gnu/11.2.0/cc1 -quiet -v /share/apps/cmake/3.22.0/share/cmake-3.22/Modules/CMakeCCompilerABI.c -quiet -dumpdir CMakeFiles/cmTC_66f05.dir/ -dumpbase CMakeCCompilerABI.c.c -dumpbase-ext .c -mtune=generic -march=x86-64 -version -o /tmp/cciEgcje.s]
  ignore line: [GNU C17 (GCC) version 11.2.0 (x86_64-pc-linux-gnu)]
  ignore line: [	compiled by GNU C version 11.2.0  GMP version 6.1.0  MPFR version 3.1.4  MPC version 1.0.3  isl version isl-0.18-GMP]
  ignore line: []
  ignore line: [GGC heuristics: --param ggc-min-expand=100 --param ggc-min-heapsize=131072]
  ignore line: [ignoring nonexistent directory "/share/apps/gcc/11.2.0/lib/gcc/x86_64-pc-linux-gnu/11.2.0/../../../../x86_64-pc-linux-gnu/include"]
  ignore line: [#include "..." search starts here:]
  ignore line: [#include <...> search starts here:]
  ignore line: [ /share/apps/gcc/11.2.0/lib/gcc/x86_64-pc-linux-gnu/11.2.0/include]
  ignore line: [ /usr/local/include]
  ignore line: [ /share/apps/gcc/11.2.0/include]
  ignore line: [ /share/apps/gcc/11.2.0/lib/gcc/x86_64-pc-linux-gnu/11.2.0/include-fixed]
  ignore line: [ /usr/include]
  ignore line: [End of search list.]
  ignore line: [GNU C17 (GCC) version 11.2.0 (x86_64-pc-linux-gnu)]
  ignore line: [	compiled by GNU C version 11.2.0  GMP version 6.1.0  MPFR version 3.1.4  MPC version 1.0.3  isl version isl-0.18-GMP]
  ignore line: []
  ignore line: [GGC heuristics: --param ggc-min-expand=100 --param ggc-min-heapsize=131072]
  ignore line: [Compiler executable checksum: 6886df7be2a453d661efadfe8d22da02]
  ignore line: [COLLECT_GCC_OPTIONS='-v' '-o' 'CMakeFiles/cmTC_66f05.dir/CMakeCCompilerABI.c.o' '-c' '-mtune=generic' '-march=x86-64' '-dumpdir' 'CMakeFiles/cmTC_66f05.dir/']
  ignore line: [ as -v --64 -o CMakeFiles/cmTC_66f05.dir/CMakeCCompilerABI.c.o /tmp/cciEgcje.s]
  ignore line: [GNU assembler version 2.27 (x86_64-redhat-linux) using BFD version version 2.27-44.base.el7]
  ignore line: [COMPILER_PATH=/share/apps/gcc/11.2.0/libexec/gcc/x86_64-pc-linux-gnu/11.2.0/:/share/apps/gcc/11.2.0/libexec/gcc/x86_64-pc-linux-gnu/11.2.0/:/share/apps/gcc/11.2.0/libexec/gcc/x86_64-pc-linux-gnu/:/share/apps/gcc/11.2.0/lib/gcc/x86_64-pc-linux-gnu/11.2.0/:/share/apps/gcc/11.2.0/lib/gcc/x86_64-pc-linux-gnu/]
  ignore line: [LIBRARY_PATH=/share/apps/gcc/11.2.0/lib/gcc/x86_64-pc-linux-gnu/11.2.0/:/share/apps/gcc/11.2.0/lib/gcc/x86_64-pc-linux-gnu/11.2.0/../../../../lib64/:/lib/../lib64/:/usr/lib/../lib64/:/share/apps/gcc/11.2.0/lib/gcc/x86_64-pc-linux-gnu/11.2.0/../../../:/lib/:/usr/lib/]
  ignore line: [COLLECT_GCC_OPTIONS='-v' '-o' 'CMakeFiles/cmTC_66f05.dir/CMakeCCompilerABI.c.o' '-c' '-mtune=generic' '-march=x86-64' '-dumpdir' 'CMakeFiles/cmTC_66f05.dir/CMakeCCompilerABI.c.']
  ignore line: [Linking C executable cmTC_66f05]
  ignore line: [/share/apps/cmake/3.22.0/bin/cmake -E cmake_link_script CMakeFiles/cmTC_66f05.dir/link.txt --verbose=1]
  ignore line: [/share/apps/gcc/11.2.0/bin/gcc  -v CMakeFiles/cmTC_66f05.dir/CMakeCCompilerABI.c.o -o cmTC_66f05 ]
  ignore line: [Using built-in specs.]
  ignore line: [COLLECT_GCC=/share/apps/gcc/11.2.0/bin/gcc]
  ignore line: [COLLECT_LTO_WRAPPER=/share/apps/gcc/11.2.0/libexec/gcc/x86_64-pc-linux-gnu/11.2.0/lto-wrapper]
  ignore line: [Target: x86_64-pc-linux-gnu]
  ignore line: [Configured with: ./configure --prefix=/share/apps/gcc/11.2.0 --with-gmp=/share/apps/gcc/infrastructure/ --with-mpfr=/share/apps/gcc/infrastructure/ --with-mpc=/share/apps/gcc/infrastructure/ --with-isl=/share/apps/gcc/infrastructure/ --enable-languages=c c++ fortran --disable-multilib --enable-shared --enable-threads=posix --enable-__cxa_atexit --enable-gnu-unique-object --enable-__cxa_atexit --enable-all-targets --with-pic --enable-openmp --enable-cuda]
  ignore line: [Thread model: posix]
  ignore line: [Supported LTO compression algorithms: zlib]
  ignore line: [gcc version 11.2.0 (GCC) ]
  ignore line: [COMPILER_PATH=/share/apps/gcc/11.2.0/libexec/gcc/x86_64-pc-linux-gnu/11.2.0/:/share/apps/gcc/11.2.0/libexec/gcc/x86_64-pc-linux-gnu/11.2.0/:/share/apps/gcc/11.2.0/libexec/gcc/x86_64-pc-linux-gnu/:/share/apps/gcc/11.2.0/lib/gcc/x86_64-pc-linux-gnu/11.2.0/:/share/apps/gcc/11.2.0/lib/gcc/x86_64-pc-linux-gnu/]
  ignore line: [LIBRARY_PATH=/share/apps/gcc/11.2.0/lib/gcc/x86_64-pc-linux-gnu/11.2.0/:/share/apps/gcc/11.2.0/lib/gcc/x86_64-pc-linux-gnu/11.2.0/../../../../lib64/:/lib/../lib64/:/usr/lib/../lib64/:/share/apps/gcc/11.2.0/lib/gcc/x86_64-pc-linux-gnu/11.2.0/../../../:/lib/:/usr/lib/]
  ignore line: [COLLECT_GCC_OPTIONS='-v' '-o' 'cmTC_66f05' '-mtune=generic' '-march=x86-64' '-dumpdir' 'cmTC_66f05.']
  link line: [ /share/apps/gcc/11.2.0/libexec/gcc/x86_64-pc-linux-gnu/11.2.0/collect2 -plugin /share/apps/gcc/11.2.0/libexec/gcc/x86_64-pc-linux-gnu/11.2.0/liblto_plugin.so -plugin-opt=/share/apps/gcc/11.2.0/libexec/gcc/x86_64-pc-linux-gnu/11.2.0/lto-wrapper -plugin-opt=-fresolution=/tmp/ccqtjYk8.res -plugin-opt=-pass-through=-lgcc -plugin-opt=-pass-through=-lgcc_s -plugin-opt=-pass-through=-lc -plugin-opt=-pass-through=-lgcc -plugin-opt=-pass-through=-lgcc_s --eh-frame-hdr -m elf_x86_64 -dynamic-linker /lib64/ld-linux-x86-64.so.2 -o cmTC_66f05 /lib/../lib64/crt1.o /lib/../lib64/crti.o /share/apps/gcc/11.2.0/lib/gcc/x86_64-pc-linux-gnu/11.2.0/crtbegin.o -L/share/apps/gcc/11.2.0/lib/gcc/x86_64-pc-linux-gnu/11.2.0 -L/share/apps/gcc/11.2.0/lib/gcc/x86_64-pc-linux-gnu/11.2.0/../../../../lib64 -L/lib/../lib64 -L/usr/lib/../lib64 -L/share/apps/gcc/11.2.0/lib/gcc/x86_64-pc-linux-gnu/11.2.0/../../.. CMakeFiles/cmTC_66f05.dir/CMakeCCompilerABI.c.o -lgcc --as-needed -lgcc_s --no-as-needed -lc -lgcc --as-needed -lgcc_s --no-as-needed /share/apps/gcc/11.2.0/lib/gcc/x86_64-pc-linux-gnu/11.2.0/crtend.o /lib/../lib64/crtn.o]
    arg [/share/apps/gcc/11.2.0/libexec/gcc/x86_64-pc-linux-gnu/11.2.0/collect2] ==> ignore
    arg [-plugin] ==> ignore
    arg [/share/apps/gcc/11.2.0/libexec/gcc/x86_64-pc-linux-gnu/11.2.0/liblto_plugin.so] ==> ignore
    arg [-plugin-opt=/share/apps/gcc/11.2.0/libexec/gcc/x86_64-pc-linux-gnu/11.2.0/lto-wrapper] ==> ignore
    arg [-plugin-opt=-fresolution=/tmp/ccqtjYk8.res] ==> ignore
    arg [-plugin-opt=-pass-through=-lgcc] ==> ignore
    arg [-plugin-opt=-pass-through=-lgcc_s] ==> ignore
    arg [-plugin-opt=-pass-through=-lc] ==> ignore
    arg [-plugin-opt=-pass-through=-lgcc] ==> ignore
    arg [-plugin-opt=-pass-through=-lgcc_s] ==> ignore
    arg [--eh-frame-hdr] ==> ignore
    arg [-m] ==> ignore
    arg [elf_x86_64] ==> ignore
    arg [-dynamic-linker] ==> ignore
    arg [/lib64/ld-linux-x86-64.so.2] ==> ignore
    arg [-o] ==> ignore
    arg [cmTC_66f05] ==> ignore
    arg [/lib/../lib64/crt1.o] ==> obj [/lib/../lib64/crt1.o]
    arg [/lib/../lib64/crti.o] ==> obj [/lib/../lib64/crti.o]
    arg [/share/apps/gcc/11.2.0/lib/gcc/x86_64-pc-linux-gnu/11.2.0/crtbegin.o] ==> obj [/share/apps/gcc/11.2.0/lib/gcc/x86_64-pc-linux-gnu/11.2.0/crtbegin.o]
    arg [-L/share/apps/gcc/11.2.0/lib/gcc/x86_64-pc-linux-gnu/11.2.0] ==> dir [/share/apps/gcc/11.2.0/lib/gcc/x86_64-pc-linux-gnu/11.2.0]
    arg [-L/share/apps/gcc/11.2.0/lib/gcc/x86_64-pc-linux-gnu/11.2.0/../../../../lib64] ==> dir [/share/apps/gcc/11.2.0/lib/gcc/x86_64-pc-linux-gnu/11.2.0/../../../../lib64]
    arg [-L/lib/../lib64] ==> dir [/lib/../lib64]
    arg [-L/usr/lib/../lib64] ==> dir [/usr/lib/../lib64]
    arg [-L/share/apps/gcc/11.2.0/lib/gcc/x86_64-pc-linux-gnu/11.2.0/../../..] ==> dir [/share/apps/gcc/11.2.0/lib/gcc/x86_64-pc-linux-gnu/11.2.0/../../..]
    arg [CMakeFiles/cmTC_66f05.dir/CMakeCCompilerABI.c.o] ==> ignore
    arg [-lgcc] ==> lib [gcc]
    arg [--as-needed] ==> ignore
    arg [-lgcc_s] ==> lib [gcc_s]
    arg [--no-as-needed] ==> ignore
    arg [-lc] ==> lib [c]
    arg [-lgcc] ==> lib [gcc]
    arg [--as-needed] ==> ignore
    arg [-lgcc_s] ==> lib [gcc_s]
    arg [--no-as-needed] ==> ignore
    arg [/share/apps/gcc/11.2.0/lib/gcc/x86_64-pc-linux-gnu/11.2.0/crtend.o] ==> obj [/share/apps/gcc/11.2.0/lib/gcc/x86_64-pc-linux-gnu/11.2.0/crtend.o]
    arg [/lib/../lib64/crtn.o] ==> obj [/lib/../lib64/crtn.o]
  collapse obj [/lib/../lib64/crt1.o] ==> [/lib64/crt1.o]
  collapse obj [/lib/../lib64/crti.o] ==> [/lib64/crti.o]
  collapse obj [/lib/../lib64/crtn.o] ==> [/lib64/crtn.o]
  collapse library dir [/share/apps/gcc/11.2.0/lib/gcc/x86_64-pc-linux-gnu/11.2.0] ==> [/share/apps/gcc/11.2.0/lib/gcc/x86_64-pc-linux-gnu/11.2.0]
  collapse library dir [/share/apps/gcc/11.2.0/lib/gcc/x86_64-pc-linux-gnu/11.2.0/../../../../lib64] ==> [/share/apps/gcc/11.2.0/lib64]
  collapse library dir [/lib/../lib64] ==> [/lib64]
  collapse library dir [/usr/lib/../lib64] ==> [/usr/lib64]
  collapse library dir [/share/apps/gcc/11.2.0/lib/gcc/x86_64-pc-linux-gnu/11.2.0/../../..] ==> [/share/apps/gcc/11.2.0/lib]
  implicit libs: [gcc;gcc_s;c;gcc;gcc_s]
  implicit objs: [/lib64/crt1.o;/lib64/crti.o;/share/apps/gcc/11.2.0/lib/gcc/x86_64-pc-linux-gnu/11.2.0/crtbegin.o;/share/apps/gcc/11.2.0/lib/gcc/x86_64-pc-linux-gnu/11.2.0/crtend.o;/lib64/crtn.o]
  implicit dirs: [/share/apps/gcc/11.2.0/lib/gcc/x86_64-pc-linux-gnu/11.2.0;/share/apps/gcc/11.2.0/lib64;/lib64;/usr/lib64;/share/apps/gcc/11.2.0/lib]
  implicit fwks: []


Detecting CXX compiler ABI info compiled with the following output:
Change Dir: /home/rgoncalo/n_body/build/CMakeFiles/CMakeTmp

Run Build Command(s):/usr/bin/gmake -f Makefile cmTC_3bc7e/fast && gmake: Warning: File `Makefile' has modification time 15 s in the future
/usr/bin/gmake  -f CMakeFiles/cmTC_3bc7e.dir/build.make CMakeFiles/cmTC_3bc7e.dir/build
gmake[1]: Entering directory `/home/rgoncalo/n_body/build/CMakeFiles/CMakeTmp'
gmake[1]: Warning: File `CMakeFiles/cmTC_3bc7e.dir/flags.make' has modification time 15 s in the future
Building CXX object CMakeFiles/cmTC_3bc7e.dir/CMakeCXXCompilerABI.cpp.o
/share/apps/gcc/11.2.0/bin/g++   -v -o CMakeFiles/cmTC_3bc7e.dir/CMakeCXXCompilerABI.cpp.o -c /share/apps/cmake/3.22.0/share/cmake-3.22/Modules/CMakeCXXCompilerABI.cpp
Using built-in specs.
COLLECT_GCC=/share/apps/gcc/11.2.0/bin/g++
Target: x86_64-pc-linux-gnu
Configured with: ./configure --prefix=/share/apps/gcc/11.2.0 --with-gmp=/share/apps/gcc/infrastructure/ --with-mpfr=/share/apps/gcc/infrastructure/ --with-mpc=/share/apps/gcc/infrastructure/ --with-isl=/share/apps/gcc/infrastructure/ --enable-languages=c,c++,fortran --disable-multilib --enable-shared --enable-threads=posix --enable-__cxa_atexit --enable-gnu-unique-object --enable-__cxa_atexit --enable-all-targets --with-pic --enable-openmp --enable-cuda
Thread model: posix
Supported LTO compression algorithms: zlib
gcc version 11.2.0 (GCC) 
COLLECT_GCC_OPTIONS='-v' '-o' 'CMakeFiles/cmTC_3bc7e.dir/CMakeCXXCompilerABI.cpp.o' '-c' '-shared-libgcc' '-mtune=generic' '-march=x86-64' '-dumpdir' 'CMakeFiles/cmTC_3bc7e.dir/'
 /share/apps/gcc/11.2.0/libexec/gcc/x86_64-pc-linux-gnu/11.2.0/cc1plus -quiet -v -D_GNU_SOURCE /share/apps/cmake/3.22.0/share/cmake-3.22/Modules/CMakeCXXCompilerABI.cpp -quiet -dumpdir CMakeFiles/cmTC_3bc7e.dir/ -dumpbase CMakeCXXCompilerABI.cpp.cpp -dumpbase-ext .cpp -mtune=generic -march=x86-64 -version -o /tmp/cc6qX4yl.s
GNU C++17 (GCC) version 11.2.0 (x86_64-pc-linux-gnu)
	compiled by GNU C version 11.2.0, GMP version 6.1.0, MPFR version 3.1.4, MPC version 1.0.3, isl version isl-0.18-GMP

GGC heuristics: --param ggc-min-expand=100 --param ggc-min-heapsize=131072
ignoring nonexistent directory "/share/apps/gcc/11.2.0/lib/gcc/x86_64-pc-linux-gnu/11.2.0/../../../../x86_64-pc-linux-gnu/include"
#include "..." search starts here:
#include <...> search starts here:
 /share/apps/gcc/11.2.0/lib/gcc/x86_64-pc-linux-gnu/11.2.0/../../../../include/c++/11.2.0
 /share/apps/gcc/11.2.0/lib/gcc/x86_64-pc-linux-gnu/11.2.0/../../../../include/c++/11.2.0/x86_64-pc-linux-gnu
 /share/apps/gcc/11.2.0/lib/gcc/x86_64-pc-linux-gnu/11.2.0/../../../../include/c++/11.2.0/backward
 /share/apps/gcc/11.2.0/lib/gcc/x86_64-pc-linux-gnu/11.2.0/include
 /usr/local/include
 /share/apps/gcc/11.2.0/include
 /share/apps/gcc/11.2.0/lib/gcc/x86_64-pc-linux-gnu/11.2.0/include-fixed
 /usr/include
End of search list.
GNU C++17 (GCC) version 11.2.0 (x86_64-pc-linux-gnu)
	compiled by GNU C version 11.2.0, GMP version 6.1.0, MPFR version 3.1.4, MPC version 1.0.3, isl version isl-0.18-GMP

GGC heuristics: --param ggc-min-expand=100 --param ggc-min-heapsize=131072
Compiler executable checksum: fb4729553a45ce159ecbc93324becbcf
COLLECT_GCC_OPTIONS='-v' '-o' 'CMakeFiles/cmTC_3bc7e.dir/CMakeCXXCompilerABI.cpp.o' '-c' '-shared-libgcc' '-mtune=generic' '-march=x86-64' '-dumpdir' 'CMakeFiles/cmTC_3bc7e.dir/'
 as -v --64 -o CMakeFiles/cmTC_3bc7e.dir/CMakeCXXCompilerABI.cpp.o /tmp/cc6qX4yl.s
GNU assembler version 2.27 (x86_64-redhat-linux) using BFD version version 2.27-44.base.el7
COMPILER_PATH=/share/apps/gcc/11.2.0/libexec/gcc/x86_64-pc-linux-gnu/11.2.0/:/share/apps/gcc/11.2.0/libexec/gcc/x86_64-pc-linux-gnu/11.2.0/:/share/apps/gcc/11.2.0/libexec/gcc/x86_64-pc-linux-gnu/:/share/apps/gcc/11.2.0/lib/gcc/x86_64-pc-linux-gnu/11.2.0/:/share/apps/gcc/11.2.0/lib/gcc/x86_64-pc-linux-gnu/
LIBRARY_PATH=/share/apps/gcc/11.2.0/lib/gcc/x86_64-pc-linux-gnu/11.2.0/:/share/apps/gcc/11.2.0/lib/gcc/x86_64-pc-linux-gnu/11.2.0/../../../../lib64/:/lib/../lib64/:/usr/lib/../lib64/:/share/apps/gcc/11.2.0/lib/gcc/x86_64-pc-linux-gnu/11.2.0/../../../:/lib/:/usr/lib/
COLLECT_GCC_OPTIONS='-v' '-o' 'CMakeFiles/cmTC_3bc7e.dir/CMakeCXXCompilerABI.cpp.o' '-c' '-shared-libgcc' '-mtune=generic' '-march=x86-64' '-dumpdir' 'CMakeFiles/cmTC_3bc7e.dir/CMakeCXXCompilerABI.cpp.'
Linking CXX executable cmTC_3bc7e
/share/apps/cmake/3.22.0/bin/cmake -E cmake_link_script CMakeFiles/cmTC_3bc7e.dir/link.txt --verbose=1
/share/apps/gcc/11.2.0/bin/g++  -v CMakeFiles/cmTC_3bc7e.dir/CMakeCXXCompilerABI.cpp.o -o cmTC_3bc7e 
Using built-in specs.
COLLECT_GCC=/share/apps/gcc/11.2.0/bin/g++
COLLECT_LTO_WRAPPER=/share/apps/gcc/11.2.0/libexec/gcc/x86_64-pc-linux-gnu/11.2.0/lto-wrapper
Target: x86_64-pc-linux-gnu
Configured with: ./configure --prefix=/share/apps/gcc/11.2.0 --with-gmp=/share/apps/gcc/infrastructure/ --with-mpfr=/share/apps/gcc/infrastructure/ --with-mpc=/share/apps/gcc/infrastructure/ --with-isl=/share/apps/gcc/infrastructure/ --enable-languages=c,c++,fortran --disable-multilib --enable-shared --enable-threads=posix --enable-__cxa_atexit --enable-gnu-unique-object --enable-__cxa_atexit --enable-all-targets --with-pic --enable-openmp --enable-cuda
Thread model: posix
Supported LTO compression algorithms: zlib
gcc version 11.2.0 (GCC) 
COMPILER_PATH=/share/apps/gcc/11.2.0/libexec/gcc/x86_64-pc-linux-gnu/11.2.0/:/share/apps/gcc/11.2.0/libexec/gcc/x86_64-pc-linux-gnu/11.2.0/:/share/apps/gcc/11.2.0/libexec/gcc/x86_64-pc-linux-gnu/:/share/apps/gcc/11.2.0/lib/gcc/x86_64-pc-linux-gnu/11.2.0/:/share/apps/gcc/11.2.0/lib/gcc/x86_64-pc-linux-gnu/
LIBRARY_PATH=/share/apps/gcc/11.2.0/lib/gcc/x86_64-pc-linux-gnu/11.2.0/:/share/apps/gcc/11.2.0/lib/gcc/x86_64-pc-linux-gnu/11.2.0/../../../../lib64/:/lib/../lib64/:/usr/lib/../lib64/:/share/apps/gcc/11.2.0/lib/gcc/x86_64-pc-linux-gnu/11.2.0/../../../:/lib/:/usr/lib/
COLLECT_GCC_OPTIONS='-v' '-o' 'cmTC_3bc7e' '-shared-libgcc' '-mtune=generic' '-march=x86-64' '-dumpdir' 'cmTC_3bc7e.'
 /share/apps/gcc/11.2.0/libexec/gcc/x86_64-pc-linux-gnu/11.2.0/collect2 -plugin /share/apps/gcc/11.2.0/libexec/gcc/x86_64-pc-linux-gnu/11.2.0/liblto_plugin.so -plugin-opt=/share/apps/gcc/11.2.0/libexec/gcc/x86_64-pc-linux-gnu/11.2.0/lto-wrapper -plugin-opt=-fresolution=/tmp/cch5X1yq.res -plugin-opt=-pass-through=-lgcc_s -plugin-opt=-pass-through=-lgcc -plugin-opt=-pass-through=-lc -plugin-opt=-pass-through=-lgcc_s -plugin-opt=-pass-through=-lgcc --eh-frame-hdr -m elf_x86_64 -dynamic-linker /lib64/ld-linux-x86-64.so.2 -o cmTC_3bc7e /lib/../lib64/crt1.o /lib/../lib64/crti.o /share/apps/gcc/11.2.0/lib/gcc/x86_64-pc-linux-gnu/11.2.0/crtbegin.o -L/share/apps/gcc/11.2.0/lib/gcc/x86_64-pc-linux-gnu/11.2.0 -L/share/apps/gcc/11.2.0/lib/gcc/x86_64-pc-linux-gnu/11.2.0/../../../../lib64 -L/lib/../lib64 -L/usr/lib/../lib64 -L/share/apps/gcc/11.2.0/lib/gcc/x86_64-pc-linux-gnu/11.2.0/../../.. CMakeFiles/cmTC_3bc7e.dir/CMakeCXXCompilerABI.cpp.o -lstdc++ -lm -lgcc_s -lgcc -lc -lgcc_s -lgcc /share/apps/gcc/11.2.0/lib/gcc/x86_64-pc-linux-gnu/11.2.0/crtend.o /lib/../lib64/crtn.o
COLLECT_GCC_OPTIONS='-v' '-o' 'cmTC_3bc7e' '-shared-libgcc' '-mtune=generic' '-march=x86-64' '-dumpdir' 'cmTC_3bc7e.'
gmake[1]: warning:  Clock skew detected.  Your build may be incomplete.
gmake[1]: Leaving directory `/home/rgoncalo/n_body/build/CMakeFiles/CMakeTmp'
gmake: warning:  Clock skew detected.  Your build may be incomplete.



Parsed CXX implicit include dir info from above output: rv=done
  found start of include info
  found start of implicit include info
    add: [/share/apps/gcc/11.2.0/lib/gcc/x86_64-pc-linux-gnu/11.2.0/../../../../include/c++/11.2.0]
    add: [/share/apps/gcc/11.2.0/lib/gcc/x86_64-pc-linux-gnu/11.2.0/../../../../include/c++/11.2.0/x86_64-pc-linux-gnu]
    add: [/share/apps/gcc/11.2.0/lib/gcc/x86_64-pc-linux-gnu/11.2.0/../../../../include/c++/11.2.0/backward]
    add: [/share/apps/gcc/11.2.0/lib/gcc/x86_64-pc-linux-gnu/11.2.0/include]
    add: [/usr/local/include]
    add: [/share/apps/gcc/11.2.0/include]
    add: [/share/apps/gcc/11.2.0/lib/gcc/x86_64-pc-linux-gnu/11.2.0/include-fixed]
    add: [/usr/include]
  end of search list found
  collapse include dir [/share/apps/gcc/11.2.0/lib/gcc/x86_64-pc-linux-gnu/11.2.0/../../../../include/c++/11.2.0] ==> [/share/apps/gcc/11.2.0/include/c++/11.2.0]
  collapse include dir [/share/apps/gcc/11.2.0/lib/gcc/x86_64-pc-linux-gnu/11.2.0/../../../../include/c++/11.2.0/x86_64-pc-linux-gnu] ==> [/share/apps/gcc/11.2.0/include/c++/11.2.0/x86_64-pc-linux-gnu]
  collapse include dir [/share/apps/gcc/11.2.0/lib/gcc/x86_64-pc-linux-gnu/11.2.0/../../../../include/c++/11.2.0/backward] ==> [/share/apps/gcc/11.2.0/include/c++/11.2.0/backward]
  collapse include dir [/share/apps/gcc/11.2.0/lib/gcc/x86_64-pc-linux-gnu/11.2.0/include] ==> [/share/apps/gcc/11.2.0/lib/gcc/x86_64-pc-linux-gnu/11.2.0/include]
  collapse include dir [/usr/local/include] ==> [/usr/local/include]
  collapse include dir [/share/apps/gcc/11.2.0/include] ==> [/share/apps/gcc/11.2.0/include]
  collapse include dir [/share/apps/gcc/11.2.0/lib/gcc/x86_64-pc-linux-gnu/11.2.0/include-fixed] ==> [/share/apps/gcc/11.2.0/lib/gcc/x86_64-pc-linux-gnu/11.2.0/include-fixed]
  collapse include dir [/usr/include] ==> [/usr/include]
  implicit include dirs: [/share/apps/gcc/11.2.0/include/c++/11.2.0;/share/apps/gcc/11.2.0/include/c++/11.2.0/x86_64-pc-linux-gnu;/share/apps/gcc/11.2.0/include/c++/11.2.0/backward;/share/apps/gcc/11.2.0/lib/gcc/x86_64-pc-linux-gnu/11.2.0/include;/usr/local/include;/share/apps/gcc/11.2.0/include;/share/apps/gcc/11.2.0/lib/gcc/x86_64-pc-linux-gnu/11.2.0/include-fixed;/usr/include]


Parsed CXX implicit link information from above output:
  link line regex: [^( *|.*[/\])(ld|CMAKE_LINK_STARTFILE-NOTFOUND|([^/\]+-)?ld|collect2)[^/\]*( |$)]
  ignore line: [Change Dir: /home/rgoncalo/n_body/build/CMakeFiles/CMakeTmp]
  ignore line: []
  ignore line: [Run Build Command(s):/usr/bin/gmake -f Makefile cmTC_3bc7e/fast && gmake: Warning: File `Makefile' has modification time 15 s in the future]
  ignore line: [/usr/bin/gmake  -f CMakeFiles/cmTC_3bc7e.dir/build.make CMakeFiles/cmTC_3bc7e.dir/build]
  ignore line: [gmake[1]: Entering directory `/home/rgoncalo/n_body/build/CMakeFiles/CMakeTmp']
  ignore line: [gmake[1]: Warning: File `CMakeFiles/cmTC_3bc7e.dir/flags.make' has modification time 15 s in the future]
  ignore line: [Building CXX object CMakeFiles/cmTC_3bc7e.dir/CMakeCXXCompilerABI.cpp.o]
  ignore line: [/share/apps/gcc/11.2.0/bin/g++   -v -o CMakeFiles/cmTC_3bc7e.dir/CMakeCXXCompilerABI.cpp.o -c /share/apps/cmake/3.22.0/share/cmake-3.22/Modules/CMakeCXXCompilerABI.cpp]
  ignore line: [Using built-in specs.]
  ignore line: [COLLECT_GCC=/share/apps/gcc/11.2.0/bin/g++]
  ignore line: [Target: x86_64-pc-linux-gnu]
  ignore line: [Configured with: ./configure --prefix=/share/apps/gcc/11.2.0 --with-gmp=/share/apps/gcc/infrastructure/ --with-mpfr=/share/apps/gcc/infrastructure/ --with-mpc=/share/apps/gcc/infrastructure/ --with-isl=/share/apps/gcc/infrastructure/ --enable-languages=c c++ fortran --disable-multilib --enable-shared --enable-threads=posix --enable-__cxa_atexit --enable-gnu-unique-object --enable-__cxa_atexit --enable-all-targets --with-pic --enable-openmp --enable-cuda]
  ignore line: [Thread model: posix]
  ignore line: [Supported LTO compression algorithms: zlib]
  ignore line: [gcc version 11.2.0 (GCC) ]
  ignore line: [COLLECT_GCC_OPTIONS='-v' '-o' 'CMakeFiles/cmTC_3bc7e.dir/CMakeCXXCompilerABI.cpp.o' '-c' '-shared-libgcc' '-mtune=generic' '-march=x86-64' '-dumpdir' 'CMakeFiles/cmTC_3bc7e.dir/']
  ignore line: [ /share/apps/gcc/11.2.0/libexec/gcc/x86_64-pc-linux-gnu/11.2.0/cc1plus -quiet -v -D_GNU_SOURCE /share/apps/cmake/3.22.0/share/cmake-3.22/Modules/CMakeCXXCompilerABI.cpp -quiet -dumpdir CMakeFiles/cmTC_3bc7e.dir/ -dumpbase CMakeCXXCompilerABI.cpp.cpp -dumpbase-ext .cpp -mtune=generic -march=x86-64 -version -o /tmp/cc6qX4yl.s]
  ignore line: [GNU C++17 (GCC) version 11.2.0 (x86_64-pc-linux-gnu)]
  ignore line: [	compiled by GNU C version 11.2.0  GMP version 6.1.0  MPFR version 3.1.4  MPC version 1.0.3  isl version isl-0.18-GMP]
  ignore line: []
  ignore line: [GGC heuristics: --param ggc-min-expand=100 --param ggc-min-heapsize=131072]
  ignore line: [ignoring nonexistent directory "/share/apps/gcc/11.2.0/lib/gcc/x86_64-pc-linux-gnu/11.2.0/../../../../x86_64-pc-linux-gnu/include"]
  ignore line: [#include "..." search starts here:]
  ignore line: [#include <...> search starts here:]
  ignore line: [ /share/apps/gcc/11.2.0/lib/gcc/x86_64-pc-linux-gnu/11.2.0/../../../../include/c++/11.2.0]
  ignore line: [ /share/apps/gcc/11.2.0/lib/gcc/x86_64-pc-linux-gnu/11.2.0/../../../../include/c++/11.2.0/x86_64-pc-linux-gnu]
  ignore line: [ /share/apps/gcc/11.2.0/lib/gcc/x86_64-pc-linux-gnu/11.2.0/../../../../include/c++/11.2.0/backward]
  ignore line: [ /share/apps/gcc/11.2.0/lib/gcc/x86_64-pc-linux-gnu/11.2.0/include]
  ignore line: [ /usr/local/include]
  ignore line: [ /share/apps/gcc/11.2.0/include]
  ignore line: [ /share/apps/gcc/11.2.0/lib/gcc/x86_64-pc-linux-gnu/11.2.0/include-fixed]
  ignore line: [ /usr/include]
  ignore line: [End of search list.]
  ignore line: [GNU C++17 (GCC) version 11.2.0 (x86_64-pc-linux-gnu)]
  ignore line: [	compiled by GNU C version 11.2.0  GMP version 6.1.0  MPFR version 3.1.4  MPC version 1.0.3  isl version isl-0.18-GMP]
  ignore line: []
  ignore line: [GGC heuristics: --param ggc-min-expand=100 --param ggc-min-heapsize=131072]
  ignore line: [Compiler executable checksum: fb4729553a45ce159ecbc93324becbcf]
  ignore line: [COLLECT_GCC_OPTIONS='-v' '-o' 'CMakeFiles/cmTC_3bc7e.dir/CMakeCXXCompilerABI.cpp.o' '-c' '-shared-libgcc' '-mtune=generic' '-march=x86-64' '-dumpdir' 'CMakeFiles/cmTC_3bc7e.dir/']
  ignore line: [ as -v --64 -o CMakeFiles/cmTC_3bc7e.dir/CMakeCXXCompilerABI.cpp.o /tmp/cc6qX4yl.s]
  ignore line: [GNU assembler version 2.27 (x86_64-redhat-linux) using BFD version version 2.27-44.base.el7]
  ignore line: [COMPILER_PATH=/share/apps/gcc/11.2.0/libexec/gcc/x86_64-pc-linux-gnu/11.2.0/:/share/apps/gcc/11.2.0/libexec/gcc/x86_64-pc-linux-gnu/11.2.0/:/share/apps/gcc/11.2.0/libexec/gcc/x86_64-pc-linux-gnu/:/share/apps/gcc/11.2.0/lib/gcc/x86_64-pc-linux-gnu/11.2.0/:/share/apps/gcc/11.2.0/lib/gcc/x86_64-pc-linux-gnu/]
  ignore line: [LIBRARY_PATH=/share/apps/gcc/11.2.0/lib/gcc/x86_64-pc-linux-gnu/11.2.0/:/share/apps/gcc/11.2.0/lib/gcc/x86_64-pc-linux-gnu/11.2.0/../../../../lib64/:/lib/../lib64/:/usr/lib/../lib64/:/share/apps/gcc/11.2.0/lib/gcc/x86_64-pc-linux-gnu/11.2.0/../../../:/lib/:/usr/lib/]
  ignore line: [COLLECT_GCC_OPTIONS='-v' '-o' 'CMakeFiles/cmTC_3bc7e.dir/CMakeCXXCompilerABI.cpp.o' '-c' '-shared-libgcc' '-mtune=generic' '-march=x86-64' '-dumpdir' 'CMakeFiles/cmTC_3bc7e.dir/CMakeCXXCompilerABI.cpp.']
  ignore line: [Linking CXX executable cmTC_3bc7e]
  ignore line: [/share/apps/cmake/3.22.0/bin/cmake -E cmake_link_script CMakeFiles/cmTC_3bc7e.dir/link.txt --verbose=1]
  ignore line: [/share/apps/gcc/11.2.0/bin/g++  -v CMakeFiles/cmTC_3bc7e.dir/CMakeCXXCompilerABI.cpp.o -o cmTC_3bc7e ]
  ignore line: [Using built-in specs.]
  ignore line: [COLLECT_GCC=/share/apps/gcc/11.2.0/bin/g++]
  ignore line: [COLLECT_LTO_WRAPPER=/share/apps/gcc/11.2.0/libexec/gcc/x86_64-pc-linux-gnu/11.2.0/lto-wrapper]
  ignore line: [Target: x86_64-pc-linux-gnu]
  ignore line: [Configured with: ./configure --prefix=/share/apps/gcc/11.2.0 --with-gmp=/share/apps/gcc/infrastructure/ --with-mpfr=/share/apps/gcc/infrastructure/ --with-mpc=/share/apps/gcc/infrastructure/ --with-isl=/share/apps/gcc/infrastructure/ --enable-languages=c c++ fortran --disable-multilib --enable-shared --enable-threads=posix --enable-__cxa_atexit --enable-gnu-unique-object --enable-__cxa_atexit --enable-all-targets --with-pic --enable-openmp --enable-cuda]
  ignore line: [Thread model: posix]
  ignore line: [Supported LTO compression algorithms: zlib]
  ignore line: [gcc version 11.2.0 (GCC) ]
  ignore line: [COMPILER_PATH=/share/apps/gcc/11.2.0/libexec/gcc/x86_64-pc-linux-gnu/11.2.0/:/share/apps/gcc/11.2.0/libexec/gcc/x86_64-pc-linux-gnu/11.2.0/:/share/apps/gcc/11.2.0/libexec/gcc/x86_64-pc-linux-gnu/:/share/apps/gcc/11.2.0/lib/gcc/x86_64-pc-linux-gnu/11.2.0/:/share/apps/gcc/11.2.0/lib/gcc/x86_64-pc-linux-gnu/]
  ignore line: [LIBRARY_PATH=/share/apps/gcc/11.2.0/lib/gcc/x86_64-pc-linux-gnu/11.2.0/:/share/apps/gcc/11.2.0/lib/gcc/x86_64-pc-linux-gnu/11.2.0/../../../../lib64/:/lib/../lib64/:/usr/lib/../lib64/:/share/apps/gcc/11.2.0/lib/gcc/x86_64-pc-linux-gnu/11.2.0/../../../:/lib/:/usr/lib/]
  ignore line: [COLLECT_GCC_OPTIONS='-v' '-o' 'cmTC_3bc7e' '-shared-libgcc' '-mtune=generic' '-march=x86-64' '-dumpdir' 'cmTC_3bc7e.']
  link line: [ /share/apps/gcc/11.2.0/libexec/gcc/x86_64-pc-linux-gnu/11.2.0/collect2 -plugin /share/apps/gcc/11.2.0/libexec/gcc/x86_64-pc-linux-gnu/11.2.0/liblto_plugin.so -plugin-opt=/share/apps/gcc/11.2.0/libexec/gcc/x86_64-pc-linux-gnu/11.2.0/lto-wrapper -plugin-opt=-fresolution=/tmp/cch5X1yq.res -plugin-opt=-pass-through=-lgcc_s -plugin-opt=-pass-through=-lgcc -plugin-opt=-pass-through=-lc -plugin-opt=-pass-through=-lgcc_s -plugin-opt=-pass-through=-lgcc --eh-frame-hdr -m elf_x86_64 -dynamic-linker /lib64/ld-linux-x86-64.so.2 -o cmTC_3bc7e /lib/../lib64/crt1.o /lib/../lib64/crti.o /share/apps/gcc/11.2.0/lib/gcc/x86_64-pc-linux-gnu/11.2.0/crtbegin.o -L/share/apps/gcc/11.2.0/lib/gcc/x86_64-pc-linux-gnu/11.2.0 -L/share/apps/gcc/11.2.0/lib/gcc/x86_64-pc-linux-gnu/11.2.0/../../../../lib64 -L/lib/../lib64 -L/usr/lib/../lib64 -L/share/apps/gcc/11.2.0/lib/gcc/x86_64-pc-linux-gnu/11.2.0/../../.. CMakeFiles/cmTC_3bc7e.dir/CMakeCXXCompilerABI.cpp.o -lstdc++ -lm -lgcc_s -lgcc -lc -lgcc_s -lgcc /share/apps/gcc/11.2.0/lib/gcc/x86_64-pc-linux-gnu/11.2.0/crtend.o /lib/../lib64/crtn.o]
    arg [/share/apps/gcc/11.2.0/libexec/gcc/x86_64-pc-linux-gnu/11.2.0/collect2] ==> ignore
    arg [-plugin] ==> ignore
    arg [/share/apps/gcc/11.2.0/libexec/gcc/x86_64-pc-linux-gnu/11.2.0/liblto_plugin.so] ==> ignore
    arg [-plugin-opt=/share/apps/gcc/11.2.0/libexec/gcc/x86_64-pc-linux-gnu/11.2.0/lto-wrapper] ==> ignore
    arg [-plugin-opt=-fresolution=/tmp/cch5X1yq.res] ==> ignore
    arg [-plugin-opt=-pass-through=-lgcc_s] ==> ignore
    arg [-plugin-opt=-pass-through=-lgcc] ==> ignore
    arg [-plugin-opt=-pass-through=-lc] ==> ignore
    arg [-plugin-opt=-pass-through=-lgcc_s] ==> ignore
    arg [-plugin-opt=-pass-through=-lgcc] ==> ignore
    arg [--eh-frame-hdr] ==> ignore
    arg [-m] ==> ignore
    arg [elf_x86_64] ==> ignore
    arg [-dynamic-linker] ==> ignore
    arg [/lib64/ld-linux-x86-64.so.2] ==> ignore
    arg [-o] ==> ignore
    arg [cmTC_3bc7e] ==> ignore
    arg [/lib/../lib64/crt1.o] ==> obj [/lib/../lib64/crt1.o]
    arg [/lib/../lib64/crti.o] ==> obj [/lib/../lib64/crti.o]
    arg [/share/apps/gcc/11.2.0/lib/gcc/x86_64-pc-linux-gnu/11.2.0/crtbegin.o] ==> obj [/share/apps/gcc/11.2.0/lib/gcc/x86_64-pc-linux-gnu/11.2.0/crtbegin.o]
    arg [-L/share/apps/gcc/11.2.0/lib/gcc/x86_64-pc-linux-gnu/11.2.0] ==> dir [/share/apps/gcc/11.2.0/lib/gcc/x86_64-pc-linux-gnu/11.2.0]
    arg [-L/share/apps/gcc/11.2.0/lib/gcc/x86_64-pc-linux-gnu/11.2.0/../../../../lib64] ==> dir [/share/apps/gcc/11.2.0/lib/gcc/x86_64-pc-linux-gnu/11.2.0/../../../../lib64]
    arg [-L/lib/../lib64] ==> dir [/lib/../lib64]
    arg [-L/usr/lib/../lib64] ==> dir [/usr/lib/../lib64]
    arg [-L/share/apps/gcc/11.2.0/lib/gcc/x86_64-pc-linux-gnu/11.2.0/../../..] ==> dir [/share/apps/gcc/11.2.0/lib/gcc/x86_64-pc-linux-gnu/11.2.0/../../..]
    arg [CMakeFiles/cmTC_3bc7e.dir/CMakeCXXCompilerABI.cpp.o] ==> ignore
    arg [-lstdc++] ==> lib [stdc++]
    arg [-lm] ==> lib [m]
    arg [-lgcc_s] ==> lib [gcc_s]
    arg [-lgcc] ==> lib [gcc]
    arg [-lc] ==> lib [c]
    arg [-lgcc_s] ==> lib [gcc_s]
    arg [-lgcc] ==> lib [gcc]
    arg [/share/apps/gcc/11.2.0/lib/gcc/x86_64-pc-linux-gnu/11.2.0/crtend.o] ==> obj [/share/apps/gcc/11.2.0/lib/gcc/x86_64-pc-linux-gnu/11.2.0/crtend.o]
    arg [/lib/../lib64/crtn.o] ==> obj [/lib/../lib64/crtn.o]
  collapse obj [/lib/../lib64/crt1.o] ==> [/lib64/crt1.o]
  collapse obj [/lib/../lib64/crti.o] ==> [/lib64/crti.o]
  collapse obj [/lib/../lib64/crtn.o] ==> [/lib64/crtn.o]
  collapse library dir [/share/apps/gcc/11.2.0/lib/gcc/x86_64-pc-linux-gnu/11.2.0] ==> [/share/apps/gcc/11.2.0/lib/gcc/x86_64-pc-linux-gnu/11.2.0]
  collapse library dir [/share/apps/gcc/11.2.0/lib/gcc/x86_64-pc-linux-gnu/11.2.0/../../../../lib64] ==> [/share/apps/gcc/11.2.0/lib64]
  collapse library dir [/lib/../lib64] ==> [/lib64]
  collapse library dir [/usr/lib/../lib64] ==> [/usr/lib64]
  collapse library dir [/share/apps/gcc/11.2.0/lib/gcc/x86_64-pc-linux-gnu/11.2.0/../../..] ==> [/share/apps/gcc/11.2.0/lib]
  implicit libs: [stdc++;m;gcc_s;gcc;c;gcc_s;gcc]
  implicit objs: [/lib64/crt1.o;/lib64/crti.o;/share/apps/gcc/11.2.0/lib/gcc/x86_64-pc-linux-gnu/11.2.0/crtbegin.o;/share/apps/gcc/11.2.0/lib/gcc/x86_64-pc-linux-gnu/11.2.0/crtend.o;/lib64/crtn.o]
  implicit dirs: [/share/apps/gcc/11.2.0/lib/gcc/x86_64-pc-linux-gnu/11.2.0;/share/apps/gcc/11.2.0/lib64;/lib64;/usr/lib64;/share/apps/gcc/11.2.0/lib]
  implicit fwks: []


